<?xml version="1.0" encoding="UTF-8"?>
<!-- Generated by org.testng.reporters.JUnitReportReporter -->
<testsuite hostname="helilshahyars-iMac.local" failures="0" tests="2" name="tests.SauceDemoLoginTest" time="9.202" errors="0" timestamp="2022-01-22T15:30:21 EST" skipped="0">
  <testcase classname="tests.SauceDemoLoginTest" name="loginPageTest" time="4.180"/>
  <system-out/>
  <testcase classname="tests.SauceDemoLoginTest" name="inventoryTest" time="5.022"/>
  <system-out/>
</testsuite> <!-- tests.SauceDemoLoginTest -->
